{
  "stats": {
    "suites": 1,
    "tests": 2,
    "passes": 2,
    "pending": 0,
    "failures": 0,
    "start": "2021-07-19T13:20:04.104Z",
    "end": "2021-07-19T13:22:07.171Z",
    "duration": 123067,
    "testsRegistered": 2,
    "passPercent": 100,
    "pendingPercent": 0,
    "other": 0,
    "hasOther": false,
    "skipped": 0,
    "hasSkipped": false
  },
  "results": [
    {
      "uuid": "83e4ea28-fe54-44f9-b20a-1da72c7dc300",
      "title": "",
      "fullFile": "cypress/integration/examples/BDD/shop.feature",
      "file": "cypress/integration/examples/BDD/shop.feature",
      "beforeHooks": [],
      "afterHooks": [],
      "tests": [],
      "suites": [
        {
          "uuid": "0c9e115a-33f8-47da-9a1e-d1216215a853",
          "title": "End to End shop validation",
          "fullFile": "",
          "file": "",
          "beforeHooks": [],
          "afterHooks": [],
          "tests": [
            {
              "title": "Product delivery",
              "fullTitle": "End to End shop validation Product delivery",
              "timedOut": null,
              "duration": 33965,
              "state": "passed",
              "speed": "slow",
              "pass": true,
              "fail": false,
              "pending": false,
              "context": null,
              "code": "const state = window.testState;\nreturn cy\n  .then(() => state.onStartScenario(scenario, indexedSteps))\n  .then(() =>\n    resolveAndRunBeforeHooks.call(this, scenario.tags, state.feature.name)\n  )\n  .then(() =>\n    indexedSteps.forEach((step) =>\n      stepTest.call(this, state, step, rowData)\n    )\n  )\n  .then(() => state.onFinishScenario(scenario));",
              "err": {},
              "uuid": "237f9cfc-11e9-487a-9b46-ef8ba5b6145c",
              "parentUUID": "0c9e115a-33f8-47da-9a1e-d1216215a853",
              "isHook": false,
              "skipped": false
            },
            {
              "title": "Product delivery from whilshlist",
              "fullTitle": "End to End shop validation Product delivery from whilshlist",
              "timedOut": null,
              "duration": 73756,
              "state": "passed",
              "speed": "slow",
              "pass": true,
              "fail": false,
              "pending": false,
              "context": null,
              "code": "const state = window.testState;\nreturn cy\n  .then(() => state.onStartScenario(scenario, indexedSteps))\n  .then(() =>\n    resolveAndRunBeforeHooks.call(this, scenario.tags, state.feature.name)\n  )\n  .then(() =>\n    indexedSteps.forEach((step) =>\n      stepTest.call(this, state, step, rowData)\n    )\n  )\n  .then(() => state.onFinishScenario(scenario));",
              "err": {},
              "uuid": "0c305ebf-1dfb-4beb-b0f6-dfc4d35cfbaf",
              "parentUUID": "0c9e115a-33f8-47da-9a1e-d1216215a853",
              "isHook": false,
              "skipped": false
            }
          ],
          "suites": [],
          "passes": [
            "237f9cfc-11e9-487a-9b46-ef8ba5b6145c",
            "0c305ebf-1dfb-4beb-b0f6-dfc4d35cfbaf"
          ],
          "failures": [],
          "pending": [],
          "skipped": [],
          "duration": 107721,
          "root": false,
          "rootEmpty": false,
          "_timeout": 2000
        }
      ],
      "passes": [],
      "failures": [],
      "pending": [],
      "skipped": [],
      "duration": 0,
      "root": true,
      "rootEmpty": true,
      "_timeout": 2000
    }
  ],
  "meta": {
    "mocha": {
      "version": "7.0.1"
    },
    "mochawesome": {
      "options": {
        "quiet": false,
        "reportFilename": "mochawesome",
        "saveHtml": true,
        "saveJson": true,
        "consoleReporter": "spec",
        "useInlineDiffs": false,
        "code": true
      },
      "version": "6.2.2"
    },
    "marge": {
      "options": null,
      "version": "5.2.0"
    }
  }
}